[debug] [2017-11-09T22:47:22.944Z] ----------------------------------------------------------------------
[debug] [2017-11-09T22:47:22.946Z] Command:       /usr/bin/nodejs /usr/bin/firebase serve
[debug] [2017-11-09T22:47:22.947Z] CLI Version:   3.13.1
[debug] [2017-11-09T22:47:22.947Z] Platform:      linux
[debug] [2017-11-09T22:47:22.947Z] Node Version:  v7.9.0
[debug] [2017-11-09T22:47:22.947Z] Time:          Thu Nov 09 2017 23:47:22 GMT+0100 (CET)
[debug] [2017-11-09T22:47:22.947Z] ----------------------------------------------------------------------
[debug] 
[debug] [2017-11-09T22:47:22.959Z] > command requires scopes: ["email","openid","https://www.googleapis.com/auth/cloudplatformprojects.readonly","https://www.googleapis.com/auth/firebase","https://www.googleapis.com/auth/cloud-platform"]
[debug] [2017-11-09T22:47:22.959Z] > authorizing via signed-in user
[debug] [2017-11-09T22:47:22.962Z] >>> HTTP REQUEST GET https://admin.firebase.com/v1/projects/wingsscheduler  
 Thu Nov 09 2017 23:47:22 GMT+0100 (CET)
[debug] [2017-11-09T22:47:23.756Z] <<< HTTP RESPONSE 200
[debug] [2017-11-09T22:47:23.758Z] >>> HTTP REQUEST GET https://admin.firebase.com/v1/database/wingsscheduler/tokens  
 Thu Nov 09 2017 23:47:23 GMT+0100 (CET)
[debug] [2017-11-09T22:47:24.442Z] <<< HTTP RESPONSE 200
[info] 
[info] === Serving from '/home/stijn/Documents/Werk/WINGS/wings-scheduler'...
[info] 
[debug] [2017-11-09T22:47:24.447Z] >>> HTTP REQUEST GET https://cloudresourcemanager.googleapis.com/v1/projects/wingsscheduler  
 Thu Nov 09 2017 23:47:24 GMT+0100 (CET)
[debug] [2017-11-09T22:47:25.239Z] <<< HTTP RESPONSE 200
[debug] [2017-11-09T22:47:25.240Z] >>> HTTP REQUEST GET https://mobilesdk-pa.googleapis.com/v1/projects/985154343772/clients/_:getWebAppConfig  
 Thu Nov 09 2017 23:47:25 GMT+0100 (CET)
[debug] [2017-11-09T22:47:25.676Z] <<< HTTP RESPONSE 200
[info] i  hosting: Serving hosting files from: public
[info] ✔  hosting: Local server: http://localhost:5000

